<?xml version="1.0" encoding="UTF-8"?>
<!-- Generated by org.testng.reporters.JUnitReportReporter -->
<testsuite hostname="DESKTOP-HLTLLQB" failures="0" tests="1" name="flipkart.flipkart.ParalletGet1" time="24.165" errors="0" timestamp="2019-12-07T19:43:17 IST" skipped="0">
  <testcase classname="flipkart.flipkart.ParalletGet1" name="GetTitle" time="24.165"/>
</testsuite> <!-- flipkart.flipkart.ParalletGet1 -->
