<?xml version="1.0" encoding="UTF-8"?>
<!-- Generated by org.testng.reporters.JUnitReportReporter -->
<testsuite hostname="DESKTOP-HLTLLQB" failures="0" tests="2" name="flipkart.flipkart.GetTitle" time="35.883" errors="0" timestamp="2019-12-05T18:12:26 IST" skipped="0">
  <testcase classname="flipkart.flipkart.GetTitle" name="GetTitle1" time="18.589"/>
  <testcase classname="flipkart.flipkart.GetTitle" name="GetTitle" time="17.294"/>
</testsuite> <!-- flipkart.flipkart.GetTitle -->
