<?xml version="1.0" encoding="UTF-8"?>
<!-- Generated by org.testng.reporters.JUnitReportReporter -->
<testsuite hostname="DESKTOP-HLTLLQB" failures="0" tests="1" name="flipkart.flipkart.LoginFun" time="13.531" errors="0" timestamp="2019-12-05T18:12:26 IST" skipped="0">
  <testcase classname="flipkart.flipkart.LoginFun" name="Main" time="13.531"/>
</testsuite> <!-- flipkart.flipkart.LoginFun -->
