<?xml version="1.0" encoding="UTF-8"?>
<!-- Generated by org.testng.reporters.JUnitReportReporter -->
<testsuite hostname="DESKTOP-HLTLLQB" failures="0" tests="1" name="flipkart.flipkart.ParallelGet2" time="23.989" errors="0" timestamp="2019-12-07T19:31:47 IST" skipped="0">
  <testcase classname="flipkart.flipkart.ParallelGet2" name="Main" time="23.989"/>
</testsuite> <!-- flipkart.flipkart.ParallelGet2 -->
