<?xml version="1.0" encoding="UTF-8"?>
<!-- Generated by org.testng.reporters.JUnitReportReporter -->
<testsuite hostname="DESKTOP-HLTLLQB" failures="0" tests="8" name="flipkart.flipkart.Example2" time="0.084" errors="0" timestamp="2019-12-05T15:53:43 IST" skipped="0">
  <testcase classname="flipkart.flipkart.Example2" name="Get944" time="0.008"/>
  <testcase classname="flipkart.flipkart.Example2" name="Get944" time="0.016"/>
  <testcase classname="flipkart.flipkart.Example2" name="Get944" time="0.008"/>
  <testcase classname="flipkart.flipkart.Example2" name="Get944" time="0.016"/>
  <testcase classname="flipkart.flipkart.Example2" name="Get944" time="0.004"/>
  <testcase classname="flipkart.flipkart.Example2" name="Get944" time="0.016"/>
  <testcase classname="flipkart.flipkart.Example2" name="Get944" time="0.008"/>
  <testcase classname="flipkart.flipkart.Example2" name="Get944" time="0.008"/>
</testsuite> <!-- flipkart.flipkart.Example2 -->
