<?xml version="1.0" encoding="UTF-8"?>
<!-- Generated by org.testng.reporters.JUnitReportReporter -->
<testsuite hostname="DESKTOP-HLTLLQB" failures="0" tests="2" name="flipkart.flipkart.GetTitle" time="37.277" errors="0" timestamp="2019-12-07T19:50:43 IST" skipped="0">
  <testcase classname="flipkart.flipkart.GetTitle" name="GetTitle1" time="21.173"/>
  <testcase classname="flipkart.flipkart.GetTitle" name="GetTitle" time="16.104"/>
</testsuite> <!-- flipkart.flipkart.GetTitle -->
