<?xml version="1.0" encoding="UTF-8"?>
<!-- Generated by org.testng.reporters.JUnitReportReporter -->
<testsuite hostname="DESKTOP-HLTLLQB" failures="0" tests="1" name="flipkart.flipkart.Example2" time="0.008" errors="0" timestamp="2019-12-05T14:00:51 IST" skipped="0">
  <testcase classname="flipkart.flipkart.Example2" name="Get33" time="0.008"/>
</testsuite> <!-- flipkart.flipkart.Example2 -->
