<?xml version="1.0" encoding="UTF-8"?>
<!-- Generated by org.testng.reporters.JUnitReportReporter -->
<testsuite hostname="DESKTOP-HLTLLQB" failures="0" tests="1" name="flipkart.flipkart.ExampleClass" time="0.000" errors="0" timestamp="2019-12-07T19:50:43 IST" skipped="0">
  <testcase classname="flipkart.flipkart.ExampleClass" name="Get" time="0.000"/>
</testsuite> <!-- flipkart.flipkart.ExampleClass -->
